Copyright 1986-2022 Xilinx, Inc. All Rights Reserved. Copyright 2022-2025 Advanced Micro Devices, Inc. All Rights Reserved.
---------------------------------------------------------------------------------------------------------------------------------------------------------------------------------------------------------------------------------------
| Tool Version : Vivado v.2025.1 (win64) Build 6140274 Thu May 22 00:12:29 MDT 2025
| Date         : Tue Nov 25 14:41:37 2025
| Host         : BOOK-JBCPDRK7D5 running 64-bit major release  (build 9200)
| Command      : report_timing_summary -max_paths 10 -report_unconstrained -file top_processing_timing_summary_routed.rpt -pb top_processing_timing_summary_routed.pb -rpx top_processing_timing_summary_routed.rpx -warn_on_violation
| Design       : top_processing
| Device       : 7z020-clg484
| Speed File   : -1  PRODUCTION 1.12 2019-11-22
| Design State : Routed
---------------------------------------------------------------------------------------------------------------------------------------------------------------------------------------------------------------------------------------

Timing Summary Report

------------------------------------------------------------------------------------------------
| Timer Settings
| --------------
------------------------------------------------------------------------------------------------

  Enable Multi Corner Analysis               :  Yes
  Enable Pessimism Removal                   :  Yes
  Pessimism Removal Resolution               :  Nearest Common Node
  Enable Input Delay Default Clock           :  No
  Enable Preset / Clear Arcs                 :  No
  Disable Flight Delays                      :  No
  Ignore I/O Paths                           :  No
  Timing Early Launch at Borrowing Latches   :  No
  Borrow Time for Max Delay Exceptions       :  Yes
  Merge Timing Exceptions                    :  Yes
  Inter-SLR Compensation                     :  Conservative

  Corner  Analyze    Analyze    
  Name    Max Paths  Min Paths  
  ------  ---------  ---------  
  Slow    Yes        Yes        
  Fast    Yes        Yes        


------------------------------------------------------------------------------------------------
| Report Methodology
| ------------------
------------------------------------------------------------------------------------------------

Rule       Severity          Description                  Violations  
---------  ----------------  ---------------------------  ----------  
TIMING-17  Critical Warning  Non-clocked sequential cell  545         
TIMING-23  Warning           Combinational loop found     2           

Note: This report is based on the most recent report_methodology run and may not be up-to-date. Run report_methodology on the current design for the latest report.



check_timing report

Table of Contents
-----------------
1. checking no_clock (545)
2. checking constant_clock (0)
3. checking pulse_width_clock (0)
4. checking unconstrained_internal_endpoints (1419)
5. checking no_input_delay (2)
6. checking no_output_delay (4)
7. checking multiple_clock (0)
8. checking generated_clocks (0)
9. checking loops (6)
10. checking partial_input_delay (0)
11. checking partial_output_delay (0)
12. checking latch_loops (0)

1. checking no_clock (545)
--------------------------
 There are 545 register/latch pins with no clock driven by root clock pin: clk (HIGH)


2. checking constant_clock (0)
------------------------------
 There are 0 register/latch pins with constant_clock.


3. checking pulse_width_clock (0)
---------------------------------
 There are 0 register/latch pins which need pulse_width check


4. checking unconstrained_internal_endpoints (1419)
---------------------------------------------------
 There are 1419 pins that are not constrained for maximum delay. (HIGH)

 There are 0 pins that are not constrained for maximum delay due to constant clock.


5. checking no_input_delay (2)
------------------------------
 There are 2 input ports with no input delay specified. (HIGH)

 There are 0 input ports with no input delay but user has a false path constraint.


6. checking no_output_delay (4)
-------------------------------
 There are 4 ports with no output delay specified. (HIGH)

 There are 0 ports with no output delay but user has a false path constraint

 There are 0 ports with no output delay but with a timing clock defined on it or propagating through it


7. checking multiple_clock (0)
------------------------------
 There are 0 register/latch pins with multiple clocks.


8. checking generated_clocks (0)
--------------------------------
 There are 0 generated clocks that are not connected to a clock source.


9. checking loops (6)
---------------------
 There are 6 combinational loops in the design. (HIGH)


10. checking partial_input_delay (0)
------------------------------------
 There are 0 input ports with partial input delay specified.


11. checking partial_output_delay (0)
-------------------------------------
 There are 0 ports with partial output delay specified.


12. checking latch_loops (0)
----------------------------
 There are 0 combinational latch loops in the design through latch input



------------------------------------------------------------------------------------------------
| Design Timing Summary
| ---------------------
------------------------------------------------------------------------------------------------

    WNS(ns)      TNS(ns)  TNS Failing Endpoints  TNS Total Endpoints      WHS(ns)      THS(ns)  THS Failing Endpoints  THS Total Endpoints     WPWS(ns)     TPWS(ns)  TPWS Failing Endpoints  TPWS Total Endpoints  
    -------      -------  ---------------------  -------------------      -------      -------  ---------------------  -------------------     --------     --------  ----------------------  --------------------  
        inf        0.000                      0                 1423          inf        0.000                      0                 1423           NA           NA                      NA                    NA  


There are no user specified timing constraints.


------------------------------------------------------------------------------------------------
| Clock Summary
| -------------
------------------------------------------------------------------------------------------------


------------------------------------------------------------------------------------------------
| Intra Clock Table
| -----------------
------------------------------------------------------------------------------------------------

Clock             WNS(ns)      TNS(ns)  TNS Failing Endpoints  TNS Total Endpoints      WHS(ns)      THS(ns)  THS Failing Endpoints  THS Total Endpoints     WPWS(ns)     TPWS(ns)  TPWS Failing Endpoints  TPWS Total Endpoints  
-----             -------      -------  ---------------------  -------------------      -------      -------  ---------------------  -------------------     --------     --------  ----------------------  --------------------  


------------------------------------------------------------------------------------------------
| Inter Clock Table
| -----------------
------------------------------------------------------------------------------------------------

From Clock    To Clock          WNS(ns)      TNS(ns)  TNS Failing Endpoints  TNS Total Endpoints      WHS(ns)      THS(ns)  THS Failing Endpoints  THS Total Endpoints  
----------    --------          -------      -------  ---------------------  -------------------      -------      -------  ---------------------  -------------------  


------------------------------------------------------------------------------------------------
| Other Path Groups Table
| -----------------------
------------------------------------------------------------------------------------------------

Path Group    From Clock    To Clock          WNS(ns)      TNS(ns)  TNS Failing Endpoints  TNS Total Endpoints      WHS(ns)      THS(ns)  THS Failing Endpoints  THS Total Endpoints  
----------    ----------    --------          -------      -------  ---------------------  -------------------      -------      -------  ---------------------  -------------------  


------------------------------------------------------------------------------------------------
| User Ignored Path Table
| -----------------------
------------------------------------------------------------------------------------------------

Path Group    From Clock    To Clock    
----------    ----------    --------    


------------------------------------------------------------------------------------------------
| Unconstrained Path Table
| ------------------------
------------------------------------------------------------------------------------------------

Path Group    From Clock    To Clock    
----------    ----------    --------    
(none)                                    


------------------------------------------------------------------------------------------------
| Timing Details
| --------------
------------------------------------------------------------------------------------------------


--------------------------------------------------------------------------------------
Path Group:  (none)
From Clock:  
  To Clock:  

Max Delay          1423 Endpoints
Min Delay          1423 Endpoints
--------------------------------------------------------------------------------------


Max Delay Paths
--------------------------------------------------------------------------------------
Slack:                    inf
  Source:                 rst
                            (input port)
  Destination:            fifo1/rd_ptr_gray_sync1_reg[4]/CLR
  Path Group:             (none)
  Path Type:              Max at Slow Process Corner
  Data Path Delay:        11.542ns  (logic 1.471ns (12.744%)  route 10.071ns (87.256%))
  Logic Levels:           1  (IBUF=1)

    Location             Delay type                Incr(ns)  Path(ns)    Netlist Resource(s)
  -------------------------------------------------------------------    -------------------
    M15                                               0.000     0.000 f  rst (IN)
                         net (fo=0)                   0.000     0.000    rst
    M15                  IBUF (Prop_ibuf_I_O)         1.471     1.471 f  rst_IBUF_inst/O
                         net (fo=463, routed)        10.071    11.542    fifo1/rst_IBUF
    SLICE_X102Y38        FDCE                                         f  fifo1/rd_ptr_gray_sync1_reg[4]/CLR
  -------------------------------------------------------------------    -------------------

Slack:                    inf
  Source:                 rst
                            (input port)
  Destination:            fifo1/rd_ptr_gray_sync2_reg[4]/CLR
  Path Group:             (none)
  Path Type:              Max at Slow Process Corner
  Data Path Delay:        11.542ns  (logic 1.471ns (12.744%)  route 10.071ns (87.256%))
  Logic Levels:           1  (IBUF=1)

    Location             Delay type                Incr(ns)  Path(ns)    Netlist Resource(s)
  -------------------------------------------------------------------    -------------------
    M15                                               0.000     0.000 f  rst (IN)
                         net (fo=0)                   0.000     0.000    rst
    M15                  IBUF (Prop_ibuf_I_O)         1.471     1.471 f  rst_IBUF_inst/O
                         net (fo=463, routed)        10.071    11.542    fifo1/rst_IBUF
    SLICE_X103Y38        FDCE                                         f  fifo1/rd_ptr_gray_sync2_reg[4]/CLR
  -------------------------------------------------------------------    -------------------

Slack:                    inf
  Source:                 rst
                            (input port)
  Destination:            rx_inst/baud_cnt_reg[1]/R
  Path Group:             (none)
  Path Type:              Max at Slow Process Corner
  Data Path Delay:        11.402ns  (logic 1.471ns (12.900%)  route 9.931ns (87.100%))
  Logic Levels:           1  (IBUF=1)

    Location             Delay type                Incr(ns)  Path(ns)    Netlist Resource(s)
  -------------------------------------------------------------------    -------------------
    M15                                               0.000     0.000 r  rst (IN)
                         net (fo=0)                   0.000     0.000    rst
    M15                  IBUF (Prop_ibuf_I_O)         1.471     1.471 r  rst_IBUF_inst/O
                         net (fo=463, routed)         9.931    11.402    rx_inst/rst_IBUF
    SLICE_X97Y31         FDRE                                         r  rx_inst/baud_cnt_reg[1]/R
  -------------------------------------------------------------------    -------------------

Slack:                    inf
  Source:                 rst
                            (input port)
  Destination:            rx_inst/baud_cnt_reg[5]/R
  Path Group:             (none)
  Path Type:              Max at Slow Process Corner
  Data Path Delay:        11.402ns  (logic 1.471ns (12.900%)  route 9.931ns (87.100%))
  Logic Levels:           1  (IBUF=1)

    Location             Delay type                Incr(ns)  Path(ns)    Netlist Resource(s)
  -------------------------------------------------------------------    -------------------
    M15                                               0.000     0.000 r  rst (IN)
                         net (fo=0)                   0.000     0.000    rst
    M15                  IBUF (Prop_ibuf_I_O)         1.471     1.471 r  rst_IBUF_inst/O
                         net (fo=463, routed)         9.931    11.402    rx_inst/rst_IBUF
    SLICE_X97Y31         FDRE                                         r  rx_inst/baud_cnt_reg[5]/R
  -------------------------------------------------------------------    -------------------

Slack:                    inf
  Source:                 rst
                            (input port)
  Destination:            fifo1/rd_ptr_bin_reg[10]/CLR
  Path Group:             (none)
  Path Type:              Max at Slow Process Corner
  Data Path Delay:        11.248ns  (logic 1.471ns (13.077%)  route 9.777ns (86.923%))
  Logic Levels:           1  (IBUF=1)

    Location             Delay type                Incr(ns)  Path(ns)    Netlist Resource(s)
  -------------------------------------------------------------------    -------------------
    M15                                               0.000     0.000 f  rst (IN)
                         net (fo=0)                   0.000     0.000    rst
    M15                  IBUF (Prop_ibuf_I_O)         1.471     1.471 f  rst_IBUF_inst/O
                         net (fo=463, routed)         9.777    11.248    fifo1/rst_IBUF
    SLICE_X100Y38        FDCE                                         f  fifo1/rd_ptr_bin_reg[10]/CLR
  -------------------------------------------------------------------    -------------------

Slack:                    inf
  Source:                 rst
                            (input port)
  Destination:            fifo1/rd_ptr_bin_reg[11]/CLR
  Path Group:             (none)
  Path Type:              Max at Slow Process Corner
  Data Path Delay:        11.248ns  (logic 1.471ns (13.077%)  route 9.777ns (86.923%))
  Logic Levels:           1  (IBUF=1)

    Location             Delay type                Incr(ns)  Path(ns)    Netlist Resource(s)
  -------------------------------------------------------------------    -------------------
    M15                                               0.000     0.000 f  rst (IN)
                         net (fo=0)                   0.000     0.000    rst
    M15                  IBUF (Prop_ibuf_I_O)         1.471     1.471 f  rst_IBUF_inst/O
                         net (fo=463, routed)         9.777    11.248    fifo1/rst_IBUF
    SLICE_X100Y38        FDCE                                         f  fifo1/rd_ptr_bin_reg[11]/CLR
  -------------------------------------------------------------------    -------------------

Slack:                    inf
  Source:                 rst
                            (input port)
  Destination:            fifo1/rd_ptr_bin_reg[8]/CLR
  Path Group:             (none)
  Path Type:              Max at Slow Process Corner
  Data Path Delay:        11.248ns  (logic 1.471ns (13.077%)  route 9.777ns (86.923%))
  Logic Levels:           1  (IBUF=1)

    Location             Delay type                Incr(ns)  Path(ns)    Netlist Resource(s)
  -------------------------------------------------------------------    -------------------
    M15                                               0.000     0.000 f  rst (IN)
                         net (fo=0)                   0.000     0.000    rst
    M15                  IBUF (Prop_ibuf_I_O)         1.471     1.471 f  rst_IBUF_inst/O
                         net (fo=463, routed)         9.777    11.248    fifo1/rst_IBUF
    SLICE_X100Y38        FDCE                                         f  fifo1/rd_ptr_bin_reg[8]/CLR
  -------------------------------------------------------------------    -------------------

Slack:                    inf
  Source:                 rst
                            (input port)
  Destination:            fifo1/rd_ptr_bin_reg[9]/CLR
  Path Group:             (none)
  Path Type:              Max at Slow Process Corner
  Data Path Delay:        11.248ns  (logic 1.471ns (13.077%)  route 9.777ns (86.923%))
  Logic Levels:           1  (IBUF=1)

    Location             Delay type                Incr(ns)  Path(ns)    Netlist Resource(s)
  -------------------------------------------------------------------    -------------------
    M15                                               0.000     0.000 f  rst (IN)
                         net (fo=0)                   0.000     0.000    rst
    M15                  IBUF (Prop_ibuf_I_O)         1.471     1.471 f  rst_IBUF_inst/O
                         net (fo=463, routed)         9.777    11.248    fifo1/rst_IBUF
    SLICE_X100Y38        FDCE                                         f  fifo1/rd_ptr_bin_reg[9]/CLR
  -------------------------------------------------------------------    -------------------

Slack:                    inf
  Source:                 rst
                            (input port)
  Destination:            fifo1/rd_ptr_gray_reg[12]/CLR
  Path Group:             (none)
  Path Type:              Max at Slow Process Corner
  Data Path Delay:        11.248ns  (logic 1.471ns (13.077%)  route 9.777ns (86.923%))
  Logic Levels:           1  (IBUF=1)

    Location             Delay type                Incr(ns)  Path(ns)    Netlist Resource(s)
  -------------------------------------------------------------------    -------------------
    M15                                               0.000     0.000 f  rst (IN)
                         net (fo=0)                   0.000     0.000    rst
    M15                  IBUF (Prop_ibuf_I_O)         1.471     1.471 f  rst_IBUF_inst/O
                         net (fo=463, routed)         9.777    11.248    fifo1/rst_IBUF
    SLICE_X101Y38        FDCE                                         f  fifo1/rd_ptr_gray_reg[12]/CLR
  -------------------------------------------------------------------    -------------------

Slack:                    inf
  Source:                 rst
                            (input port)
  Destination:            clkmod_inst/cnt_gray_reg[28]/R
  Path Group:             (none)
  Path Type:              Max at Slow Process Corner
  Data Path Delay:        11.207ns  (logic 1.595ns (14.232%)  route 9.612ns (85.768%))
  Logic Levels:           2  (IBUF=1 LUT2=1)

    Location             Delay type                Incr(ns)  Path(ns)    Netlist Resource(s)
  -------------------------------------------------------------------    -------------------
    M15                                               0.000     0.000 r  rst (IN)
                         net (fo=0)                   0.000     0.000    rst
    M15                  IBUF (Prop_ibuf_I_O)         1.471     1.471 r  rst_IBUF_inst/O
                         net (fo=463, routed)         8.482     9.953    clkmod_inst/rst_IBUF
    SLICE_X98Y49         LUT2 (Prop_lut2_I0_O)        0.124    10.077 r  clkmod_inst/cnt_gray[0]_i_1/O
                         net (fo=32, routed)          1.130    11.207    clkmod_inst/cnt_gray[0]_i_1_n_0
    SLICE_X100Y51        FDRE                                         r  clkmod_inst/cnt_gray_reg[28]/R
  -------------------------------------------------------------------    -------------------





Min Delay Paths
--------------------------------------------------------------------------------------
Slack:                    inf
  Source:                 assembler2/FSM_onehot_state_reg[3]/C
                            (rising edge-triggered cell FDCE)
  Destination:            assembler2/FSM_onehot_state_reg[0]/D
  Path Group:             (none)
  Path Type:              Min at Fast Process Corner
  Data Path Delay:        0.231ns  (logic 0.164ns (71.058%)  route 0.067ns (28.942%))
  Logic Levels:           1  (FDCE=1)

    Location             Delay type                Incr(ns)  Path(ns)    Netlist Resource(s)
  -------------------------------------------------------------------    -------------------
    SLICE_X102Y53        FDCE                         0.000     0.000 r  assembler2/FSM_onehot_state_reg[3]/C
    SLICE_X102Y53        FDCE (Prop_fdce_C_Q)         0.164     0.164 r  assembler2/FSM_onehot_state_reg[3]/Q
                         net (fo=3, routed)           0.067     0.231    assembler2/FSM_onehot_state_reg_n_0_[3]
    SLICE_X102Y53        FDPE                                         r  assembler2/FSM_onehot_state_reg[0]/D
  -------------------------------------------------------------------    -------------------

Slack:                    inf
  Source:                 fifo1/wr_ptr_gray_sync1_reg[3]/C
                            (rising edge-triggered cell FDCE)
  Destination:            fifo1/wr_ptr_gray_sync2_reg[3]/D
  Path Group:             (none)
  Path Type:              Min at Fast Process Corner
  Data Path Delay:        0.231ns  (logic 0.128ns (55.317%)  route 0.103ns (44.683%))
  Logic Levels:           1  (FDCE=1)

    Location             Delay type                Incr(ns)  Path(ns)    Netlist Resource(s)
  -------------------------------------------------------------------    -------------------
    SLICE_X101Y39        FDCE                         0.000     0.000 r  fifo1/wr_ptr_gray_sync1_reg[3]/C
    SLICE_X101Y39        FDCE (Prop_fdce_C_Q)         0.128     0.128 r  fifo1/wr_ptr_gray_sync1_reg[3]/Q
                         net (fo=1, routed)           0.103     0.231    fifo1/wr_ptr_gray_sync1[3]
    SLICE_X99Y39         FDCE                                         r  fifo1/wr_ptr_gray_sync2_reg[3]/D
  -------------------------------------------------------------------    -------------------

Slack:                    inf
  Source:                 assembler1/FSM_onehot_state_reg[3]/C
                            (rising edge-triggered cell FDCE)
  Destination:            assembler1/FSM_onehot_state_reg[0]/D
  Path Group:             (none)
  Path Type:              Min at Fast Process Corner
  Data Path Delay:        0.232ns  (logic 0.164ns (70.680%)  route 0.068ns (29.320%))
  Logic Levels:           1  (FDCE=1)

    Location             Delay type                Incr(ns)  Path(ns)    Netlist Resource(s)
  -------------------------------------------------------------------    -------------------
    SLICE_X102Y45        FDCE                         0.000     0.000 r  assembler1/FSM_onehot_state_reg[3]/C
    SLICE_X102Y45        FDCE (Prop_fdce_C_Q)         0.164     0.164 r  assembler1/FSM_onehot_state_reg[3]/Q
                         net (fo=3, routed)           0.068     0.232    assembler1/FSM_onehot_state_reg_n_0_[3]
    SLICE_X102Y45        FDPE                                         r  assembler1/FSM_onehot_state_reg[0]/D
  -------------------------------------------------------------------    -------------------

Slack:                    inf
  Source:                 fifo1/wr_ptr_gray_reg[6]/C
                            (rising edge-triggered cell FDCE)
  Destination:            fifo1/wr_ptr_gray_sync1_reg[6]/D
  Path Group:             (none)
  Path Type:              Min at Fast Process Corner
  Data Path Delay:        0.241ns  (logic 0.141ns (58.505%)  route 0.100ns (41.495%))
  Logic Levels:           1  (FDCE=1)

    Location             Delay type                Incr(ns)  Path(ns)    Netlist Resource(s)
  -------------------------------------------------------------------    -------------------
    SLICE_X101Y40        FDCE                         0.000     0.000 r  fifo1/wr_ptr_gray_reg[6]/C
    SLICE_X101Y40        FDCE (Prop_fdce_C_Q)         0.141     0.141 r  fifo1/wr_ptr_gray_reg[6]/Q
                         net (fo=1, routed)           0.100     0.241    fifo1/wr_ptr_gray[6]
    SLICE_X99Y40         FDCE                                         r  fifo1/wr_ptr_gray_sync1_reg[6]/D
  -------------------------------------------------------------------    -------------------

Slack:                    inf
  Source:                 fifo2/wr_ptr_gray_reg[6]/C
                            (rising edge-triggered cell FDCE)
  Destination:            fifo2/wr_ptr_gray_sync1_reg[6]/D
  Path Group:             (none)
  Path Type:              Min at Fast Process Corner
  Data Path Delay:        0.245ns  (logic 0.141ns (57.511%)  route 0.104ns (42.489%))
  Logic Levels:           1  (FDCE=1)

    Location             Delay type                Incr(ns)  Path(ns)    Netlist Resource(s)
  -------------------------------------------------------------------    -------------------
    SLICE_X105Y51        FDCE                         0.000     0.000 r  fifo2/wr_ptr_gray_reg[6]/C
    SLICE_X105Y51        FDCE (Prop_fdce_C_Q)         0.141     0.141 r  fifo2/wr_ptr_gray_reg[6]/Q
                         net (fo=1, routed)           0.104     0.245    fifo2/wr_ptr_gray[6]
    SLICE_X105Y51        FDCE                                         r  fifo2/wr_ptr_gray_sync1_reg[6]/D
  -------------------------------------------------------------------    -------------------

Slack:                    inf
  Source:                 fifo1/rd_ptr_gray_sync1_reg[4]/C
                            (rising edge-triggered cell FDCE)
  Destination:            fifo1/rd_ptr_gray_sync2_reg[4]/D
  Path Group:             (none)
  Path Type:              Min at Fast Process Corner
  Data Path Delay:        0.246ns  (logic 0.164ns (66.639%)  route 0.082ns (33.361%))
  Logic Levels:           1  (FDCE=1)

    Location             Delay type                Incr(ns)  Path(ns)    Netlist Resource(s)
  -------------------------------------------------------------------    -------------------
    SLICE_X102Y38        FDCE                         0.000     0.000 r  fifo1/rd_ptr_gray_sync1_reg[4]/C
    SLICE_X102Y38        FDCE (Prop_fdce_C_Q)         0.164     0.164 r  fifo1/rd_ptr_gray_sync1_reg[4]/Q
                         net (fo=1, routed)           0.082     0.246    fifo1/rd_ptr_gray_sync1[4]
    SLICE_X103Y38        FDCE                                         r  fifo1/rd_ptr_gray_sync2_reg[4]/D
  -------------------------------------------------------------------    -------------------

Slack:                    inf
  Source:                 fifo2/wr_ptr_gray_sync1_reg[4]/C
                            (rising edge-triggered cell FDCE)
  Destination:            fifo2/wr_ptr_gray_sync2_reg[4]/D
  Path Group:             (none)
  Path Type:              Min at Fast Process Corner
  Data Path Delay:        0.247ns  (logic 0.128ns (51.736%)  route 0.119ns (48.264%))
  Logic Levels:           1  (FDCE=1)

    Location             Delay type                Incr(ns)  Path(ns)    Netlist Resource(s)
  -------------------------------------------------------------------    -------------------
    SLICE_X110Y49        FDCE                         0.000     0.000 r  fifo2/wr_ptr_gray_sync1_reg[4]/C
    SLICE_X110Y49        FDCE (Prop_fdce_C_Q)         0.128     0.128 r  fifo2/wr_ptr_gray_sync1_reg[4]/Q
                         net (fo=1, routed)           0.119     0.247    fifo2/wr_ptr_gray_sync1[4]
    SLICE_X110Y49        FDCE                                         r  fifo2/wr_ptr_gray_sync2_reg[4]/D
  -------------------------------------------------------------------    -------------------

Slack:                    inf
  Source:                 fifo2/wr_ptr_gray_sync1_reg[5]/C
                            (rising edge-triggered cell FDCE)
  Destination:            fifo2/wr_ptr_gray_sync2_reg[5]/D
  Path Group:             (none)
  Path Type:              Min at Fast Process Corner
  Data Path Delay:        0.248ns  (logic 0.128ns (51.710%)  route 0.120ns (48.290%))
  Logic Levels:           1  (FDCE=1)

    Location             Delay type                Incr(ns)  Path(ns)    Netlist Resource(s)
  -------------------------------------------------------------------    -------------------
    SLICE_X109Y49        FDCE                         0.000     0.000 r  fifo2/wr_ptr_gray_sync1_reg[5]/C
    SLICE_X109Y49        FDCE (Prop_fdce_C_Q)         0.128     0.128 r  fifo2/wr_ptr_gray_sync1_reg[5]/Q
                         net (fo=1, routed)           0.120     0.248    fifo2/wr_ptr_gray_sync1[5]
    SLICE_X109Y49        FDCE                                         r  fifo2/wr_ptr_gray_sync2_reg[5]/D
  -------------------------------------------------------------------    -------------------

Slack:                    inf
  Source:                 fifo2/rd_ptr_gray_reg[10]/C
                            (rising edge-triggered cell FDCE)
  Destination:            fifo2/rd_ptr_gray_sync1_reg[10]/D
  Path Group:             (none)
  Path Type:              Min at Fast Process Corner
  Data Path Delay:        0.251ns  (logic 0.141ns (56.174%)  route 0.110ns (43.826%))
  Logic Levels:           1  (FDCE=1)

    Location             Delay type                Incr(ns)  Path(ns)    Netlist Resource(s)
  -------------------------------------------------------------------    -------------------
    SLICE_X107Y54        FDCE                         0.000     0.000 r  fifo2/rd_ptr_gray_reg[10]/C
    SLICE_X107Y54        FDCE (Prop_fdce_C_Q)         0.141     0.141 r  fifo2/rd_ptr_gray_reg[10]/Q
                         net (fo=1, routed)           0.110     0.251    fifo2/rd_ptr_gray[10]
    SLICE_X107Y53        FDCE                                         r  fifo2/rd_ptr_gray_sync1_reg[10]/D
  -------------------------------------------------------------------    -------------------

Slack:                    inf
  Source:                 fifo2/wr_ptr_gray_sync1_reg[6]/C
                            (rising edge-triggered cell FDCE)
  Destination:            fifo2/wr_ptr_gray_sync2_reg[6]/D
  Path Group:             (none)
  Path Type:              Min at Fast Process Corner
  Data Path Delay:        0.251ns  (logic 0.141ns (56.174%)  route 0.110ns (43.826%))
  Logic Levels:           1  (FDCE=1)

    Location             Delay type                Incr(ns)  Path(ns)    Netlist Resource(s)
  -------------------------------------------------------------------    -------------------
    SLICE_X105Y51        FDCE                         0.000     0.000 r  fifo2/wr_ptr_gray_sync1_reg[6]/C
    SLICE_X105Y51        FDCE (Prop_fdce_C_Q)         0.141     0.141 r  fifo2/wr_ptr_gray_sync1_reg[6]/Q
                         net (fo=1, routed)           0.110     0.251    fifo2/wr_ptr_gray_sync1[6]
    SLICE_X105Y51        FDCE                                         r  fifo2/wr_ptr_gray_sync2_reg[6]/D
  -------------------------------------------------------------------    -------------------





