Copyright 1986-2022 Xilinx, Inc. All Rights Reserved. Copyright 2022-2025 Advanced Micro Devices, Inc. All Rights Reserved.
-------------------------------------------------------------------------------------------------------------------------------------------------------------------------------------------------------
| Tool Version     : Vivado v.2025.1 (win64) Build 6140274 Thu May 22 00:12:29 MDT 2025
| Date             : Wed Nov 26 18:42:02 2025
| Host             : BOOK-JBCPDRK7D5 running 64-bit major release  (build 9200)
| Command          : report_power -file top_pipeline_with_grayscale_power_routed.rpt -pb top_pipeline_with_grayscale_power_summary_routed.pb -rpx top_pipeline_with_grayscale_power_routed.rpx
| Design           : top_pipeline_with_grayscale
| Device           : xc7z020clg484-1
| Design State     : routed
| Grade            : commercial
| Process          : typical
| Characterization : Production
-------------------------------------------------------------------------------------------------------------------------------------------------------------------------------------------------------

Power Report

Table of Contents
-----------------
1. Summary
1.1 On-Chip Components
1.2 Power Supply Summary
1.3 Confidence Level
2. Settings
2.1 Environment
2.2 Clock Constraints
3. Detailed Reports
3.1 By Hierarchy

1. Summary
----------

+--------------------------+----------------------------------+
| Total On-Chip Power (W)  | 13.966 (Junction temp exceeded!) |
| Design Power Budget (W)  | Unspecified*                     |
| Power Budget Margin (W)  | NA                               |
| Dynamic (W)              | 12.917                           |
| Device Static (W)        | 1.049                            |
| Effective TJA (C/W)      | 11.5                             |
| Max Ambient (C)          | 0.0                              |
| Junction Temperature (C) | 125.0                            |
| Confidence Level         | Low                              |
| Setting File             | ---                              |
| Simulation Activity File | ---                              |
| Design Nets Matched      | NA                               |
+--------------------------+----------------------------------+
* Specify Design Power Budget using, set_operating_conditions -design_power_budget <value in Watts>


1.1 On-Chip Components
----------------------

+----------------+-----------+----------+-----------+-----------------+
| On-Chip        | Power (W) | Used     | Available | Utilization (%) |
+----------------+-----------+----------+-----------+-----------------+
| Slice Logic    |     5.751 |    12670 |       --- |             --- |
|   LUT as Logic |     4.709 |     3230 |     53200 |            6.07 |
|   CARRY4       |     0.669 |      172 |     13300 |            1.29 |
|   Register     |     0.366 |     7693 |    106400 |            7.23 |
|   BUFG         |     0.006 |        1 |        32 |            3.13 |
|   F7/F8 Muxes  |    <0.001 |     1301 |     53200 |            2.45 |
|   Others       |     0.000 |       35 |       --- |             --- |
| Signals        |     6.385 |     9628 |       --- |             --- |
| Block RAM      |     0.773 |        5 |       140 |            3.57 |
| I/O            |     0.008 |       10 |       200 |            5.00 |
| Static Power   |     1.049 |          |           |                 |
| Total          |    13.966 |          |           |                 |
+----------------+-----------+----------+-----------+-----------------+


1.2 Power Supply Summary
------------------------

+-----------+-------------+-----------+-------------+------------+-------------+-------------+------------+
| Source    | Voltage (V) | Total (A) | Dynamic (A) | Static (A) | Powerup (A) | Budget (A)  | Margin (A) |
+-----------+-------------+-----------+-------------+------------+-------------+-------------+------------+
| Vccint    |       1.000 |    13.156 |      12.855 |      0.301 |       NA    | Unspecified | NA         |
| Vccaux    |       1.800 |     0.100 |       0.000 |      0.100 |       NA    | Unspecified | NA         |
| Vcco33    |       3.300 |     0.001 |       0.000 |      0.001 |       NA    | Unspecified | NA         |
| Vcco25    |       2.500 |     0.000 |       0.000 |      0.000 |       NA    | Unspecified | NA         |
| Vcco18    |       1.800 |     0.000 |       0.000 |      0.000 |       NA    | Unspecified | NA         |
| Vcco15    |       1.500 |     0.000 |       0.000 |      0.000 |       NA    | Unspecified | NA         |
| Vcco135   |       1.350 |     0.000 |       0.000 |      0.000 |       NA    | Unspecified | NA         |
| Vcco12    |       1.200 |     0.000 |       0.000 |      0.000 |       NA    | Unspecified | NA         |
| Vccaux_io |       1.800 |     0.000 |       0.000 |      0.000 |       NA    | Unspecified | NA         |
| Vccbram   |       1.000 |     0.094 |       0.062 |      0.032 |       NA    | Unspecified | NA         |
| MGTAVcc   |       1.000 |     0.000 |       0.000 |      0.000 |       NA    | Unspecified | NA         |
| MGTAVtt   |       1.200 |     0.000 |       0.000 |      0.000 |       NA    | Unspecified | NA         |
| MGTVccaux |       1.800 |     0.000 |       0.000 |      0.000 |       NA    | Unspecified | NA         |
| Vccpint   |       1.000 |     0.473 |       0.000 |      0.473 |       NA    | Unspecified | NA         |
| Vccpaux   |       1.800 |     0.010 |       0.000 |      0.010 |       NA    | Unspecified | NA         |
| Vccpll    |       1.800 |     0.003 |       0.000 |      0.003 |       NA    | Unspecified | NA         |
| Vcco_ddr  |       1.500 |     0.000 |       0.000 |      0.000 |       NA    | Unspecified | NA         |
| Vcco_mio0 |       1.800 |     0.000 |       0.000 |      0.000 |       NA    | Unspecified | NA         |
| Vcco_mio1 |       1.800 |     0.000 |       0.000 |      0.000 |       NA    | Unspecified | NA         |
| Vccadc    |       1.800 |     0.020 |       0.000 |      0.020 |       NA    | Unspecified | NA         |
+-----------+-------------+-----------+-------------+------------+-------------+-------------+------------+


1.3 Confidence Level
--------------------

+-----------------------------+------------+--------------------------------------------------------+--------------------------------------------------------------------------------------------------------------------+
| User Input Data             | Confidence | Details                                                | Action                                                                                                             |
+-----------------------------+------------+--------------------------------------------------------+--------------------------------------------------------------------------------------------------------------------+
| Design implementation state | High       | Design is routed                                       |                                                                                                                    |
| Clock nodes activity        | Low        | User specified less than 75% of clocks                 | Provide missing clock activity with a constraint file, simulation results or by editing the "By Clock Domain" view |
| I/O nodes activity          | Low        | More than 75% of inputs are missing user specification | Provide missing input activity with simulation results or by editing the "By Resource Type -> I/Os" view           |
| Internal nodes activity     | Medium     | User specified less than 25% of internal nodes         | Provide missing internal nodes activity with simulation results or by editing the "By Resource Type" views         |
| Device models               | High       | Device models are Production                           |                                                                                                                    |
|                             |            |                                                        |                                                                                                                    |
| Overall confidence level    | Low        |                                                        |                                                                                                                    |
+-----------------------------+------------+--------------------------------------------------------+--------------------------------------------------------------------------------------------------------------------+


2. Settings
-----------

2.1 Environment
---------------

+-----------------------+------------------------+
| Ambient Temp (C)      | 25.0                   |
| ThetaJA (C/W)         | 11.5                   |
| Airflow (LFM)         | 250                    |
| Heat Sink             | none                   |
| ThetaSA (C/W)         | 0.0                    |
| Board Selection       | medium (10"x10")       |
| # of Board Layers     | 8to11 (8 to 11 Layers) |
| Board Temperature (C) | 25.0                   |
+-----------------------+------------------------+


2.2 Clock Constraints
---------------------

+-------+--------+-----------------+
| Clock | Domain | Constraint (ns) |
+-------+--------+-----------------+


3. Detailed Reports
-------------------

3.1 By Hierarchy
----------------

+-----------------------------+-----------+
| Name                        | Power (W) |
+-----------------------------+-----------+
| top_pipeline_with_grayscale |    12.917 |
|   assembler1                |     0.198 |
|   assembler2                |     0.446 |
|   blur_inst                 |     0.520 |
|   diffamp_inst              |     0.384 |
|   fifo1                     |     2.043 |
|     bram_inst               |     0.455 |
|   fifo2                     |     2.365 |
|     bram_inst               |     0.560 |
|   fifo3                     |     1.520 |
|     bram_inst               |     0.158 |
|   gray_inst                 |     0.970 |
|   logger_inst               |     0.858 |
|   resizer_inst              |     0.373 |
|   rx_inst                   |     0.848 |
|   splitter_inst             |     0.171 |
|   tx_inst                   |     0.493 |
+-----------------------------+-----------+


