
*** Running vivado
    with args -log top_simple.vds -m64 -product Vivado -mode batch -messageDb vivado.pb -notrace -source top_simple.tcl



****** Vivado v2025.1 (64-bit)
  **** SW Build 6140274 on Thu May 22 00:12:29 MDT 2025
  **** IP Build 6138677 on Thu May 22 03:10:11 MDT 2025
  **** SharedData Build 6139179 on Tue May 20 17:58:58 MDT 2025
  **** Start of session at: Wed Nov 26 13:02:04 2025
    ** Copyright 1986-2022 Xilinx, Inc. All Rights Reserved.
    ** Copyright 2022-2025 Advanced Micro Devices, Inc. All Rights Reserved.

source top_simple.tcl -notrace
Command: read_checkpoint -auto_incremental -incremental C:/Users/iamri/Documents/Subham_UART/uartblock_purePL/uartblock_purePL.srcs/utils_1/imports/synth_1/top_module.dcp
INFO: [Vivado 12-5825] Read reference checkpoint from C:/Users/iamri/Documents/Subham_UART/uartblock_purePL/uartblock_purePL.srcs/utils_1/imports/synth_1/top_module.dcp for incremental synthesis
INFO: [Vivado 12-7989] Please ensure there are no constraint changes
Command: synth_design -top top_simple -part xc7z020clg484-1
Starting synth_design
Attempting to get a license for feature 'Synthesis' and/or device 'xc7z020'
INFO: [Common 17-349] Got license for feature 'Synthesis' and/or device 'xc7z020'
INFO: [Device 21-403] Loading part xc7z020clg484-1
INFO: [Synth 8-7079] Multithreading enabled for synth_design using a maximum of 2 processes.
INFO: [Synth 8-7078] Launching helper process for spawning children vivado processes
INFO: [Synth 8-7075] Helper process launched with PID 2276
---------------------------------------------------------------------------------
Starting RTL Elaboration : Time (s): cpu = 00:00:05 ; elapsed = 00:00:05 . Memory (MB): peak = 1211.207 ; gain = 492.512
---------------------------------------------------------------------------------
INFO: [Synth 8-6157] synthesizing module 'top_simple' [C:/Users/iamri/Documents/Subham_UART/uartblock_purePL/uartblock_purePL.srcs/sources_1/new/top_simple.v:6]
INFO: [Synth 8-6157] synthesizing module 'rx' [C:/Users/iamri/Documents/Subham_UART/uartblock_purePL/uartblock_purePL.srcs/sources_1/new/rx.v:1]
INFO: [Synth 8-6155] done synthesizing module 'rx' (0#1) [C:/Users/iamri/Documents/Subham_UART/uartblock_purePL/uartblock_purePL.srcs/sources_1/new/rx.v:1]
INFO: [Synth 8-6157] synthesizing module 'tx' [C:/Users/iamri/Documents/Subham_UART/uartblock_purePL/uartblock_purePL.srcs/sources_1/new/tx.v:3]
	Parameter CLOCK_FREQ bound to: 100000000 - type: integer 
	Parameter BAUD_RATE bound to: 115200 - type: integer 
INFO: [Synth 8-6155] done synthesizing module 'tx' (0#1) [C:/Users/iamri/Documents/Subham_UART/uartblock_purePL/uartblock_purePL.srcs/sources_1/new/tx.v:3]
INFO: [Synth 8-6157] synthesizing module 'bram_fifo' [C:/Users/iamri/Documents/Subham_UART/uartblock_purePL/uartblock_purePL.srcs/sources_1/new/bram_fifo.v:2]
	Parameter DEPTH bound to: 4096 - type: integer 
	Parameter ADDR_WIDTH bound to: 12 - type: integer 
INFO: [Synth 8-6157] synthesizing module 'bram_11' [C:/Users/iamri/Documents/Subham_UART/uartblock_purePL/uartblock_purePL.srcs/sources_1/new/bram11.v:4]
	Parameter DEPTH bound to: 4096 - type: integer 
	Parameter ADDR_WIDTH bound to: 12 - type: integer 
INFO: [Synth 8-6155] done synthesizing module 'bram_11' (0#1) [C:/Users/iamri/Documents/Subham_UART/uartblock_purePL/uartblock_purePL.srcs/sources_1/new/bram11.v:4]
INFO: [Synth 8-6155] done synthesizing module 'bram_fifo' (0#1) [C:/Users/iamri/Documents/Subham_UART/uartblock_purePL/uartblock_purePL.srcs/sources_1/new/bram_fifo.v:2]
INFO: [Synth 8-6157] synthesizing module 'pixel_assembler' [C:/Users/iamri/Documents/Subham_UART/uartblock_purePL/uartblock_purePL.srcs/sources_1/new/pixel_assembler.v:2]
	Parameter PIXEL_WIDTH bound to: 8 - type: integer 
	Parameter CHANNELS bound to: 3 - type: integer 
INFO: [Synth 8-6155] done synthesizing module 'pixel_assembler' (0#1) [C:/Users/iamri/Documents/Subham_UART/uartblock_purePL/uartblock_purePL.srcs/sources_1/new/pixel_assembler.v:2]
INFO: [Synth 8-6157] synthesizing module 'resizer_core' [C:/Users/iamri/Documents/Subham_UART/uartblock_purePL/uartblock_purePL.srcs/sources_1/new/resizer_core.v:6]
	Parameter IN_WIDTH bound to: 128 - type: integer 
	Parameter IN_HEIGHT bound to: 128 - type: integer 
	Parameter OUT_WIDTH bound to: 64 - type: integer 
	Parameter OUT_HEIGHT bound to: 64 - type: integer 
	Parameter PIXEL_WIDTH bound to: 8 - type: integer 
	Parameter CHANNELS bound to: 3 - type: integer 
INFO: [Synth 8-6155] done synthesizing module 'resizer_core' (0#1) [C:/Users/iamri/Documents/Subham_UART/uartblock_purePL/uartblock_purePL.srcs/sources_1/new/resizer_core.v:6]
INFO: [Synth 8-6157] synthesizing module 'pixel_splitter' [C:/Users/iamri/Documents/Subham_UART/uartblock_purePL/uartblock_purePL.srcs/sources_1/new/pixel_splitter.v:2]
	Parameter PIXEL_WIDTH bound to: 8 - type: integer 
	Parameter CHANNELS bound to: 3 - type: integer 
INFO: [Synth 8-155] case statement is not full and has no default [C:/Users/iamri/Documents/Subham_UART/uartblock_purePL/uartblock_purePL.srcs/sources_1/new/pixel_splitter.v:32]
INFO: [Synth 8-6155] done synthesizing module 'pixel_splitter' (0#1) [C:/Users/iamri/Documents/Subham_UART/uartblock_purePL/uartblock_purePL.srcs/sources_1/new/pixel_splitter.v:2]
INFO: [Synth 8-6157] synthesizing module 'grayscale_core' [C:/Users/iamri/Documents/Subham_UART/uartblock_purePL/uartblock_purePL.srcs/sources_1/new/grayscale_core.v:3]
	Parameter IMG_WIDTH bound to: 64 - type: integer 
	Parameter IMG_HEIGHT bound to: 64 - type: integer 
	Parameter PIXEL_WIDTH bound to: 8 - type: integer 
INFO: [Synth 8-6155] done synthesizing module 'grayscale_core' (0#1) [C:/Users/iamri/Documents/Subham_UART/uartblock_purePL/uartblock_purePL.srcs/sources_1/new/grayscale_core.v:3]
INFO: [Synth 8-226] default block is never used [C:/Users/iamri/Documents/Subham_UART/uartblock_purePL/uartblock_purePL.srcs/sources_1/new/top_simple.v:322]
INFO: [Synth 8-6155] done synthesizing module 'top_simple' (0#1) [C:/Users/iamri/Documents/Subham_UART/uartblock_purePL/uartblock_purePL.srcs/sources_1/new/top_simple.v:6]
WARNING: [Synth 8-6014] Unused sequential element b2_reg was removed.  [C:/Users/iamri/Documents/Subham_UART/uartblock_purePL/uartblock_purePL.srcs/sources_1/new/pixel_assembler.v:26]
---------------------------------------------------------------------------------
Finished RTL Elaboration : Time (s): cpu = 00:00:06 ; elapsed = 00:00:07 . Memory (MB): peak = 1326.031 ; gain = 607.336
---------------------------------------------------------------------------------
---------------------------------------------------------------------------------
Start Handling Custom Attributes
---------------------------------------------------------------------------------
---------------------------------------------------------------------------------
Finished Handling Custom Attributes : Time (s): cpu = 00:00:06 ; elapsed = 00:00:07 . Memory (MB): peak = 1326.031 ; gain = 607.336
---------------------------------------------------------------------------------
---------------------------------------------------------------------------------
Finished RTL Optimization Phase 1 : Time (s): cpu = 00:00:06 ; elapsed = 00:00:07 . Memory (MB): peak = 1326.031 ; gain = 607.336
---------------------------------------------------------------------------------
Netlist sorting complete. Time (s): cpu = 00:00:00 ; elapsed = 00:00:00.011 . Memory (MB): peak = 1326.031 ; gain = 0.000
INFO: [Project 1-570] Preparing netlist for logic optimization

Processing XDC Constraints
Initializing timing engine
Parsing XDC File [C:/Users/iamri/Documents/Subham_UART/uartblock_purePL/uartblock_purePL.srcs/constrs_1/new/jA1_ld0.xdc]
WARNING: [Vivado 12-584] No ports matched 'led_resizer_busy'. [C:/Users/iamri/Documents/Subham_UART/uartblock_purePL/uartblock_purePL.srcs/constrs_1/new/jA1_ld0.xdc:21]
CRITICAL WARNING: [Common 17-55] 'set_property' expects at least one object. [C:/Users/iamri/Documents/Subham_UART/uartblock_purePL/uartblock_purePL.srcs/constrs_1/new/jA1_ld0.xdc:21]
Resolution: If [get_<value>] was used to populate the object, check to make sure this command returns at least one valid object.
WARNING: [Vivado 12-584] No ports matched 'led_gray_busy'. [C:/Users/iamri/Documents/Subham_UART/uartblock_purePL/uartblock_purePL.srcs/constrs_1/new/jA1_ld0.xdc:23]
CRITICAL WARNING: [Common 17-55] 'set_property' expects at least one object. [C:/Users/iamri/Documents/Subham_UART/uartblock_purePL/uartblock_purePL.srcs/constrs_1/new/jA1_ld0.xdc:23]
Resolution: If [get_<value>] was used to populate the object, check to make sure this command returns at least one valid object.
WARNING: [Vivado 12-584] No ports matched 'led_gray_busy'. [C:/Users/iamri/Documents/Subham_UART/uartblock_purePL/uartblock_purePL.srcs/constrs_1/new/jA1_ld0.xdc:24]
CRITICAL WARNING: [Common 17-55] 'set_property' expects at least one object. [C:/Users/iamri/Documents/Subham_UART/uartblock_purePL/uartblock_purePL.srcs/constrs_1/new/jA1_ld0.xdc:24]
Resolution: If [get_<value>] was used to populate the object, check to make sure this command returns at least one valid object.
WARNING: [Vivado 12-584] No ports matched 'led_resizer_busy'. [C:/Users/iamri/Documents/Subham_UART/uartblock_purePL/uartblock_purePL.srcs/constrs_1/new/jA1_ld0.xdc:25]
CRITICAL WARNING: [Common 17-55] 'set_property' expects at least one object. [C:/Users/iamri/Documents/Subham_UART/uartblock_purePL/uartblock_purePL.srcs/constrs_1/new/jA1_ld0.xdc:25]
Resolution: If [get_<value>] was used to populate the object, check to make sure this command returns at least one valid object.
Finished Parsing XDC File [C:/Users/iamri/Documents/Subham_UART/uartblock_purePL/uartblock_purePL.srcs/constrs_1/new/jA1_ld0.xdc]
INFO: [Project 1-236] Implementation specific constraints were found while reading constraint file [C:/Users/iamri/Documents/Subham_UART/uartblock_purePL/uartblock_purePL.srcs/constrs_1/new/jA1_ld0.xdc]. These constraints will be ignored for synthesis but will be used in implementation. Impacted constraints are listed in the file [.Xil/top_simple_propImpl.xdc].
Resolution: To avoid this warning, move constraints listed in [.Xil/top_simple_propImpl.xdc] to another XDC file and exclude this new file from synthesis with the used_in_synthesis property (File Properties dialog in GUI) and re-run elaboration/synthesis.
Completed Processing XDC Constraints

Netlist sorting complete. Time (s): cpu = 00:00:00 ; elapsed = 00:00:00.001 . Memory (MB): peak = 1390.656 ; gain = 0.000
INFO: [Project 1-111] Unisim Transformation Summary:
No Unisim elements were transformed.

Constraint Validation Runtime : Time (s): cpu = 00:00:00 ; elapsed = 00:00:00.005 . Memory (MB): peak = 1390.656 ; gain = 0.000
---------------------------------------------------------------------------------
Finished Constraint Validation : Time (s): cpu = 00:00:14 ; elapsed = 00:00:15 . Memory (MB): peak = 1390.656 ; gain = 671.961
---------------------------------------------------------------------------------
---------------------------------------------------------------------------------
Start Loading Part and Timing Information
---------------------------------------------------------------------------------
Loading part: xc7z020clg484-1
---------------------------------------------------------------------------------
Finished Loading Part and Timing Information : Time (s): cpu = 00:00:14 ; elapsed = 00:00:15 . Memory (MB): peak = 1390.656 ; gain = 671.961
---------------------------------------------------------------------------------
---------------------------------------------------------------------------------
Start Applying 'set_property' XDC Constraints
---------------------------------------------------------------------------------
---------------------------------------------------------------------------------
Finished applying 'set_property' XDC Constraints : Time (s): cpu = 00:00:14 ; elapsed = 00:00:15 . Memory (MB): peak = 1390.656 ; gain = 671.961
---------------------------------------------------------------------------------
---------------------------------------------------------------------------------
Start Preparing Guide Design
---------------------------------------------------------------------------------
CRITICAL WARNING: [Synth 8-6895] The reference checkpoint C:/Users/iamri/Documents/Subham_UART/uartblock_purePL/uartblock_purePL.srcs/utils_1/imports/synth_1/top_module.dcp is not suitable for use with incremental synthesis for this design. Please regenerate the checkpoint for this design with -incremental_synth switch in the same Vivado session that synth_design has been run. Synthesis will continue with the default flow
---------------------------------------------------------------------------------
Finished Doing Graph Differ : Time (s): cpu = 00:00:14 ; elapsed = 00:00:15 . Memory (MB): peak = 1390.656 ; gain = 671.961
---------------------------------------------------------------------------------
---------------------------------------------------------------------------------
Finished Preparing Guide Design : Time (s): cpu = 00:00:14 ; elapsed = 00:00:15 . Memory (MB): peak = 1390.656 ; gain = 671.961
---------------------------------------------------------------------------------
INFO: [Synth 8-802] inferred FSM for state register 'state_reg' in module 'rx'
INFO: [Synth 8-802] inferred FSM for state register 'state_reg' in module 'pixel_assembler'
INFO: [Synth 8-802] inferred FSM for state register 'state_reg' in module 'pixel_splitter'
INFO: [Synth 8-802] inferred FSM for state register 'state_reg' in module 'top_simple'
---------------------------------------------------------------------------------------------------
                   State |                     New Encoding |                Previous Encoding 
---------------------------------------------------------------------------------------------------
                    IDLE |                               00 |                               00
               START_BIT |                               01 |                               01
               DATA_BITS |                               10 |                               10
                STOP_BIT |                               11 |                               11
---------------------------------------------------------------------------------------------------
INFO: [Synth 8-3354] encoded FSM with state register 'state_reg' using encoding 'sequential' in module 'rx'
---------------------------------------------------------------------------------------------------
                   State |                     New Encoding |                Previous Encoding 
---------------------------------------------------------------------------------------------------
                 iSTATE2 |                             0001 |                               00
                  iSTATE |                             0010 |                               01
                 iSTATE0 |                             0100 |                               10
                 iSTATE1 |                             1000 |                               11
---------------------------------------------------------------------------------------------------
INFO: [Synth 8-3354] encoded FSM with state register 'state_reg' using encoding 'one-hot' in module 'pixel_assembler'
---------------------------------------------------------------------------------------------------
                   State |                     New Encoding |                Previous Encoding 
---------------------------------------------------------------------------------------------------
                 iSTATE1 |                               00 |                               00
                  iSTATE |                               01 |                               01
                 iSTATE0 |                               10 |                               10
---------------------------------------------------------------------------------------------------
INFO: [Synth 8-3354] encoded FSM with state register 'state_reg' using encoding 'sequential' in module 'pixel_splitter'
---------------------------------------------------------------------------------------------------
                   State |                     New Encoding |                Previous Encoding 
---------------------------------------------------------------------------------------------------
                  S_IDLE |                               00 |                               00
                S_STREAM |                               01 |                               01
                 S_MARK0 |                               10 |                               10
                 S_MARK1 |                               11 |                               11
---------------------------------------------------------------------------------------------------
INFO: [Synth 8-3354] encoded FSM with state register 'state_reg' using encoding 'sequential' in module 'top_simple'
---------------------------------------------------------------------------------
Finished RTL Optimization Phase 2 : Time (s): cpu = 00:00:14 ; elapsed = 00:00:15 . Memory (MB): peak = 1390.656 ; gain = 671.961
---------------------------------------------------------------------------------


Incremental Synthesis Report Summary:

1. Incremental synthesis run: no

   Reason for not running incremental synthesis : 


INFO: [Synth 8-7130] Flow is switching to default flow due to incremental criteria not met. If you would like to alter this behaviour and have the flow terminate instead, please set the following parameter config_implementation {autoIncr.Synth.RejectBehavior Terminate}
---------------------------------------------------------------------------------
Start RTL Component Statistics 
---------------------------------------------------------------------------------
Detailed RTL Component Info : 
+---Adders : 
	   2 Input   23 Bit       Adders := 2     
	   2 Input   16 Bit       Adders := 2     
	   2 Input   13 Bit       Adders := 6     
	   3 Input   13 Bit       Adders := 9     
	   2 Input    7 Bit       Adders := 2     
	   2 Input    4 Bit       Adders := 1     
	   2 Input    3 Bit       Adders := 1     
+---XORs : 
	   2 Input     13 Bit         XORs := 6     
	  13 Input     13 Bit         XORs := 6     
+---Registers : 
	               24 Bit    Registers := 4     
	               23 Bit    Registers := 2     
	               16 Bit    Registers := 2     
	               13 Bit    Registers := 18    
	               10 Bit    Registers := 1     
	                8 Bit    Registers := 13    
	                7 Bit    Registers := 2     
	                4 Bit    Registers := 1     
	                3 Bit    Registers := 4     
	                1 Bit    Registers := 21    
+---RAMs : 
	              32K Bit	(4096 X 8 bit)          RAMs := 3     
+---Muxes : 
	   3 Input   23 Bit        Muxes := 2     
	   4 Input   16 Bit        Muxes := 1     
	   2 Input   16 Bit        Muxes := 2     
	   2 Input   10 Bit        Muxes := 1     
	   4 Input    8 Bit        Muxes := 2     
	   3 Input    8 Bit        Muxes := 1     
	   2 Input    4 Bit        Muxes := 7     
	   4 Input    4 Bit        Muxes := 2     
	   4 Input    3 Bit        Muxes := 1     
	   4 Input    2 Bit        Muxes := 2     
	   2 Input    2 Bit        Muxes := 5     
	   3 Input    2 Bit        Muxes := 1     
	   2 Input    1 Bit        Muxes := 8     
	   4 Input    1 Bit        Muxes := 16    
	   3 Input    1 Bit        Muxes := 4     
---------------------------------------------------------------------------------
Finished RTL Component Statistics 
---------------------------------------------------------------------------------
---------------------------------------------------------------------------------
Start Part Resource Summary
---------------------------------------------------------------------------------
Part Resources:
DSPs: 220 (col length:60)
BRAMs: 280 (col length: RAMB18 60 RAMB36 30)
---------------------------------------------------------------------------------
Finished Part Resource Summary
---------------------------------------------------------------------------------
---------------------------------------------------------------------------------
Start Cross Boundary and Area Optimization
---------------------------------------------------------------------------------
WARNING: [Synth 8-7080] Parallel synthesis criteria is not met
---------------------------------------------------------------------------------
Finished Cross Boundary and Area Optimization : Time (s): cpu = 00:00:18 ; elapsed = 00:00:19 . Memory (MB): peak = 1394.777 ; gain = 676.082
---------------------------------------------------------------------------------
---------------------------------------------------------------------------------
Start ROM, RAM, DSP, Shift Register and Retiming Reporting
---------------------------------------------------------------------------------

Block RAM: Preliminary Mapping Report (see note below)
+------------+-------------------------+------------------------+---+---+------------------------+---+---+------------------+--------+--------+
|Module Name | RTL Object              | PORT A (Depth x Width) | W | R | PORT B (Depth x Width) | W | R | Ports driving FF | RAMB18 | RAMB36 | 
+------------+-------------------------+------------------------+---+---+------------------------+---+---+------------------+--------+--------+
|top_simple  | fifo1/bram_inst/mem_reg | 4 K x 8(READ_FIRST)    | W |   | 4 K x 8(WRITE_FIRST)   |   | R | Port A and B     | 0      | 1      | 
|top_simple  | fifo2/bram_inst/mem_reg | 4 K x 8(READ_FIRST)    | W |   | 4 K x 8(WRITE_FIRST)   |   | R | Port A and B     | 0      | 1      | 
|top_simple  | fifo3/bram_inst/mem_reg | 4 K x 8(READ_FIRST)    | W |   | 4 K x 8(WRITE_FIRST)   |   | R | Port A and B     | 0      | 1      | 
+------------+-------------------------+------------------------+---+---+------------------------+---+---+------------------+--------+--------+

Note: The table above is a preliminary report that shows the Block RAMs at the current stage of the synthesis flow. Some Block RAMs may be reimplemented as non Block RAM primitives later in the synthesis flow. Multiple instantiated Block RAMs are reported only once. 
---------------------------------------------------------------------------------
Finished ROM, RAM, DSP, Shift Register and Retiming Reporting
---------------------------------------------------------------------------------
---------------------------------------------------------------------------------
Start Applying XDC Timing Constraints
---------------------------------------------------------------------------------
---------------------------------------------------------------------------------
Finished Applying XDC Timing Constraints : Time (s): cpu = 00:00:23 ; elapsed = 00:00:25 . Memory (MB): peak = 1537.566 ; gain = 818.871
---------------------------------------------------------------------------------
---------------------------------------------------------------------------------
Start Timing Optimization
---------------------------------------------------------------------------------
---------------------------------------------------------------------------------
Finished Timing Optimization : Time (s): cpu = 00:00:24 ; elapsed = 00:00:25 . Memory (MB): peak = 1539.008 ; gain = 820.312
---------------------------------------------------------------------------------
---------------------------------------------------------------------------------
Start ROM, RAM, DSP, Shift Register and Retiming Reporting
---------------------------------------------------------------------------------

Block RAM: Final Mapping Report
+------------+-------------------------+------------------------+---+---+------------------------+---+---+------------------+--------+--------+
|Module Name | RTL Object              | PORT A (Depth x Width) | W | R | PORT B (Depth x Width) | W | R | Ports driving FF | RAMB18 | RAMB36 | 
+------------+-------------------------+------------------------+---+---+------------------------+---+---+------------------+--------+--------+
|top_simple  | fifo1/bram_inst/mem_reg | 4 K x 8(READ_FIRST)    | W |   | 4 K x 8(WRITE_FIRST)   |   | R | Port A and B     | 0      | 1      | 
|top_simple  | fifo2/bram_inst/mem_reg | 4 K x 8(READ_FIRST)    | W |   | 4 K x 8(WRITE_FIRST)   |   | R | Port A and B     | 0      | 1      | 
|top_simple  | fifo3/bram_inst/mem_reg | 4 K x 8(READ_FIRST)    | W |   | 4 K x 8(WRITE_FIRST)   |   | R | Port A and B     | 0      | 1      | 
+------------+-------------------------+------------------------+---+---+------------------------+---+---+------------------+--------+--------+

---------------------------------------------------------------------------------
Finished ROM, RAM, DSP, Shift Register and Retiming Reporting
---------------------------------------------------------------------------------
---------------------------------------------------------------------------------
Start Technology Mapping
---------------------------------------------------------------------------------
INFO: [Synth 8-7052] The timing for the instance fifo1/bram_inst/mem_reg (implemented as a Block RAM) might be sub-optimal as no optional output register could be merged into the ram block. Providing additional output register may help in improving timing.
INFO: [Synth 8-7052] The timing for the instance fifo2/bram_inst/mem_reg (implemented as a Block RAM) might be sub-optimal as no optional output register could be merged into the ram block. Providing additional output register may help in improving timing.
---------------------------------------------------------------------------------
Finished Technology Mapping : Time (s): cpu = 00:00:24 ; elapsed = 00:00:26 . Memory (MB): peak = 1551.965 ; gain = 833.270
---------------------------------------------------------------------------------
---------------------------------------------------------------------------------
Start IO Insertion
---------------------------------------------------------------------------------
---------------------------------------------------------------------------------
Start Flattening Before IO Insertion
---------------------------------------------------------------------------------
---------------------------------------------------------------------------------
Finished Flattening Before IO Insertion
---------------------------------------------------------------------------------
---------------------------------------------------------------------------------
Start Final Netlist Cleanup
---------------------------------------------------------------------------------
---------------------------------------------------------------------------------
Finished Final Netlist Cleanup
---------------------------------------------------------------------------------
---------------------------------------------------------------------------------
Finished IO Insertion : Time (s): cpu = 00:00:27 ; elapsed = 00:00:29 . Memory (MB): peak = 1781.461 ; gain = 1062.766
---------------------------------------------------------------------------------
---------------------------------------------------------------------------------
Start Renaming Generated Instances
---------------------------------------------------------------------------------
---------------------------------------------------------------------------------
Finished Renaming Generated Instances : Time (s): cpu = 00:00:27 ; elapsed = 00:00:29 . Memory (MB): peak = 1781.461 ; gain = 1062.766
---------------------------------------------------------------------------------
---------------------------------------------------------------------------------
Start Rebuilding User Hierarchy
---------------------------------------------------------------------------------
---------------------------------------------------------------------------------
Finished Rebuilding User Hierarchy : Time (s): cpu = 00:00:27 ; elapsed = 00:00:29 . Memory (MB): peak = 1781.461 ; gain = 1062.766
---------------------------------------------------------------------------------
---------------------------------------------------------------------------------
Start Renaming Generated Ports
---------------------------------------------------------------------------------
---------------------------------------------------------------------------------
Finished Renaming Generated Ports : Time (s): cpu = 00:00:27 ; elapsed = 00:00:29 . Memory (MB): peak = 1781.461 ; gain = 1062.766
---------------------------------------------------------------------------------
---------------------------------------------------------------------------------
Start Handling Custom Attributes
---------------------------------------------------------------------------------
---------------------------------------------------------------------------------
Finished Handling Custom Attributes : Time (s): cpu = 00:00:27 ; elapsed = 00:00:29 . Memory (MB): peak = 1782.449 ; gain = 1063.754
---------------------------------------------------------------------------------
---------------------------------------------------------------------------------
Start Renaming Generated Nets
---------------------------------------------------------------------------------
---------------------------------------------------------------------------------
Finished Renaming Generated Nets : Time (s): cpu = 00:00:27 ; elapsed = 00:00:29 . Memory (MB): peak = 1782.449 ; gain = 1063.754
---------------------------------------------------------------------------------
---------------------------------------------------------------------------------
Start Writing Synthesis Report
---------------------------------------------------------------------------------

Report BlackBoxes: 
+-+--------------+----------+
| |BlackBox name |Instances |
+-+--------------+----------+
+-+--------------+----------+

Report Cell Usage: 
+------+---------+------+
|      |Cell     |Count |
+------+---------+------+
|1     |BUFG     |     1|
|2     |CARRY4   |   111|
|3     |LUT1     |    83|
|4     |LUT2     |   181|
|5     |LUT3     |    62|
|6     |LUT4     |   107|
|7     |LUT5     |    43|
|8     |LUT6     |    87|
|9     |RAMB36E1 |     3|
|11    |FDCE     |   492|
|12    |FDPE     |    12|
|13    |FDRE     |   102|
|14    |IBUF     |     3|
|15    |OBUF     |     3|
+------+---------+------+
---------------------------------------------------------------------------------
Finished Writing Synthesis Report : Time (s): cpu = 00:00:27 ; elapsed = 00:00:29 . Memory (MB): peak = 1782.449 ; gain = 1063.754
---------------------------------------------------------------------------------
Synthesis finished with 0 errors, 1 critical warnings and 1 warnings.
Synthesis Optimization Runtime : Time (s): cpu = 00:00:19 ; elapsed = 00:00:27 . Memory (MB): peak = 1782.449 ; gain = 999.129
Synthesis Optimization Complete : Time (s): cpu = 00:00:27 ; elapsed = 00:00:29 . Memory (MB): peak = 1782.449 ; gain = 1063.754
INFO: [Project 1-571] Translating synthesized netlist
Netlist sorting complete. Time (s): cpu = 00:00:00 ; elapsed = 00:00:00.011 . Memory (MB): peak = 1791.551 ; gain = 0.000
INFO: [Netlist 29-17] Analyzing 114 Unisim elements for replacement
INFO: [Netlist 29-28] Unisim Transformation completed in 0 CPU seconds
INFO: [Project 1-570] Preparing netlist for logic optimization
INFO: [Opt 31-138] Pushed 0 inverter(s) to 0 load pin(s).
Netlist sorting complete. Time (s): cpu = 00:00:00 ; elapsed = 00:00:00 . Memory (MB): peak = 1795.223 ; gain = 0.000
INFO: [Project 1-111] Unisim Transformation Summary:
No Unisim elements were transformed.

Synth Design complete | Checksum: 7cd47618
INFO: [Common 17-83] Releasing license: Synthesis
48 Infos, 6 Warnings, 5 Critical Warnings and 0 Errors encountered.
synth_design completed successfully
synth_design: Time (s): cpu = 00:00:30 ; elapsed = 00:00:34 . Memory (MB): peak = 1795.223 ; gain = 1305.758
INFO: [runtcl-6] Synthesis results are not added to the cache due to CRITICAL_WARNING
Write ShapeDB Complete: Time (s): cpu = 00:00:00 ; elapsed = 00:00:00.004 . Memory (MB): peak = 1795.223 ; gain = 0.000
INFO: [Common 17-1381] The checkpoint 'C:/Users/iamri/Documents/Subham_UART/uartblock_purePL/uartblock_purePL.runs/synth_1/top_simple.dcp' has been generated.
INFO: [Vivado 12-24828] Executing command : report_utilization -file top_simple_utilization_synth.rpt -pb top_simple_utilization_synth.pb
INFO: [Common 17-206] Exiting Vivado at Wed Nov 26 13:02:45 2025...
